  main.cpp
C:\Users\WesLu\Desktop\CURSO 2020-2021\2º\Gráficos por ordenador\Prácticas\X (Práctica 3)\Graphics_PRACT_3 (2) (1)\Graphics_PRACT_3\src\main.cpp(166,43): warning C4244: '=': conversión de 'double' a 'float'; posible pérdida de datos
C:\Users\WesLu\Desktop\CURSO 2020-2021\2º\Gráficos por ordenador\Prácticas\X (Práctica 3)\Graphics_PRACT_3 (2) (1)\Graphics_PRACT_3\src\main.cpp(167,25): warning C4244: '=': conversión de 'double' a 'float'; posible pérdida de datos
C:\Users\WesLu\Desktop\CURSO 2020-2021\2º\Gráficos por ordenador\Prácticas\X (Práctica 3)\Graphics_PRACT_3 (2) (1)\Graphics_PRACT_3\src\main.cpp(180,51): warning C4244: '=': conversión de 'double' a 'float'; posible pérdida de datos
C:\Users\WesLu\Desktop\CURSO 2020-2021\2º\Gráficos por ordenador\Prácticas\X (Práctica 3)\Graphics_PRACT_3 (2) (1)\Graphics_PRACT_3\src\main.cpp(181,29): warning C4244: '=': conversión de 'double' a 'float'; posible pérdida de datos
C:\Users\WesLu\Desktop\CURSO 2020-2021\2º\Gráficos por ordenador\Prácticas\X (Práctica 3)\Graphics_PRACT_3 (2) (1)\Graphics_PRACT_3\src\main.cpp(284,131): warning C4267: 'argumento': conversión de 'size_t' a 'int'; posible pérdida de datos
C:\Users\WesLu\Desktop\CURSO 2020-2021\2º\Gráficos por ordenador\Prácticas\X (Práctica 3)\Graphics_PRACT_3 (2) (1)\Graphics_PRACT_3\src\main.cpp(285,96): warning C4267: 'argumento': conversión de 'size_t' a 'int'; posible pérdida de datos
C:\Users\WesLu\Desktop\CURSO 2020-2021\2º\Gráficos por ordenador\Prácticas\X (Práctica 3)\Graphics_PRACT_3 (2) (1)\Graphics_PRACT_3\src\main.cpp(286,105): warning C4267: 'argumento': conversión de 'size_t' a 'int'; posible pérdida de datos
C:\Users\WesLu\Desktop\CURSO 2020-2021\2º\Gráficos por ordenador\Prácticas\X (Práctica 3)\Graphics_PRACT_3 (2) (1)\Graphics_PRACT_3\src\main.cpp(290,72): warning C4267: 'argumento': conversión de 'size_t' a 'int'; posible pérdida de datos
C:\Users\WesLu\Desktop\CURSO 2020-2021\2º\Gráficos por ordenador\Prácticas\X (Práctica 3)\Graphics_PRACT_3 (2) (1)\Graphics_PRACT_3\src\main.cpp(297,12): warning C4267: 'argumento': conversión de 'size_t' a 'int'; posible pérdida de datos
C:\Users\WesLu\Desktop\CURSO 2020-2021\2º\Gráficos por ordenador\Prácticas\X (Práctica 3)\Graphics_PRACT_3 (2) (1)\Graphics_PRACT_3\src\main.cpp(320,59): warning C4267: '=': conversión de 'size_t' a 'GLuint'; posible pérdida de datos
C:\Users\WesLu\Desktop\CURSO 2020-2021\2º\Gráficos por ordenador\Prácticas\X (Práctica 3)\Graphics_PRACT_3 (2) (1)\Graphics_PRACT_3\src\main.cpp(417,41): warning C4305: 'argumento': truncamiento de 'double' a 'GLfloat'
C:\Users\WesLu\Desktop\CURSO 2020-2021\2º\Gráficos por ordenador\Prácticas\X (Práctica 3)\Graphics_PRACT_3 (2) (1)\Graphics_PRACT_3\src\main.cpp(604,40): warning C4305: 'argumento': truncamiento de 'double' a 'GLfloat'
C:\Users\WesLu\Desktop\CURSO 2020-2021\2º\Gráficos por ordenador\Prácticas\X (Práctica 3)\Graphics_PRACT_3 (2) (1)\Graphics_PRACT_3\src\main.cpp(746,57): warning C4244: '+=': conversión de 'double' a 'float'; posible pérdida de datos
C:\Users\WesLu\Desktop\CURSO 2020-2021\2º\Gráficos por ordenador\Prácticas\X (Práctica 3)\Graphics_PRACT_3 (2) (1)\Graphics_PRACT_3\src\main.cpp(747,59): warning C4244: '+=': conversión de 'double' a 'float'; posible pérdida de datos
C:\Users\WesLu\Desktop\CURSO 2020-2021\2º\Gráficos por ordenador\Prácticas\X (Práctica 3)\Graphics_PRACT_3 (2) (1)\Graphics_PRACT_3\src\main.cpp(750,17): warning C4244: '=': conversión de 'double' a 'float'; posible pérdida de datos
C:\Users\WesLu\Desktop\CURSO 2020-2021\2º\Gráficos por ordenador\Prácticas\X (Práctica 3)\Graphics_PRACT_3 (2) (1)\Graphics_PRACT_3\src\main.cpp(751,17): warning C4244: '=': conversión de 'double' a 'float'; posible pérdida de datos
C:\Users\WesLu\Desktop\CURSO 2020-2021\2º\Gráficos por ordenador\Prácticas\X (Práctica 3)\Graphics_PRACT_3 (2) (1)\Graphics_PRACT_3\src\main.cpp(779,41): warning C4244: '=': conversión de 'double' a 'float'; posible pérdida de datos
C:\Users\WesLu\Desktop\CURSO 2020-2021\2º\Gráficos por ordenador\Prácticas\X (Práctica 3)\Graphics_PRACT_3 (2) (1)\Graphics_PRACT_3\src\main.cpp(780,24): warning C4244: '=': conversión de 'double' a 'float'; posible pérdida de datos
C:\Users\WesLu\Desktop\CURSO 2020-2021\2º\Gráficos por ordenador\Prácticas\X (Práctica 3)\Graphics_PRACT_3 (2) (1)\Graphics_PRACT_3\src\main.cpp(815,45): warning C4244: 'argumento': conversión de 'float' a 'int'; posible pérdida de datos
C:\Users\WesLu\Desktop\CURSO 2020-2021\2º\Gráficos por ordenador\Prácticas\X (Práctica 3)\Graphics_PRACT_3 (2) (1)\Graphics_PRACT_3\src\main.cpp(815,28): warning C4244: 'argumento': conversión de 'float' a 'int'; posible pérdida de datos
  GLM: perspective function taking degrees as a parameter is deprecated. #define GLM_FORCE_RADIANS before including GLM headers to remove this message.
  GLM: rotate function taking degrees as a parameter is deprecated. #define GLM_FORCE_RADIANS before including GLM headers to remove this message.
  Graphics_1.vcxproj -> C:\Users\WesLu\Desktop\CURSO 2020-2021\2º\Gráficos por ordenador\Prácticas\X (Práctica 3)\Graphics_PRACT_3 (2) (1)\Graphics_PRACT_3\visual_studio\..\Graphics_1.exe
